<?xml version="1.0" encoding="UTF-8"?>
<!-- Generated by org.testng.reporters.JUnitXMLReporter -->
<testsuite ignored="0" hostname="Animeshs-MacBook-Air.local" failures="0" tests="3" name="test1" time="0.038" errors="0" timestamp="2023-07-12T14:37:43 IST">
  <testcase classname="TestNgDay1.FirstTest" name="f" time="0.005"/>
  <testcase classname="TestNgDay1.Secondtest" name="test1" time="0.001"/>
  <testcase classname="TestNgDay1.Secondtest" name="test2" time="0.001"/>
</testsuite> <!-- test1 -->
